app/build/intermediates/manifest_merge_blame_file/debug/manifest-merger-blame-debug-report.txt
1<?xml version="1.0" encoding="utf-8"?>
2<manifest xmlns:android="http://schemas.android.com/apk/res/android"
3    package="com.example.pulsewall"
4    android:versionCode="1"
5    android:versionName="1.0" >
6
7    <uses-sdk
8        android:minSdkVersion="26"
9        android:targetSdkVersion="34" />
10
11    <uses-permission android:name="android.permission.SET_WALLPAPER" />
11-->src/main/AndroidManifest.xml:3:5-72
11-->src/main/AndroidManifest.xml:3:22-69
12
13    <application
13-->src/main/AndroidManifest.xml:5:5-27:19
14        android:debuggable="true"
15        android:extractNativeLibs="false"
16        android:label="PulseWall"
16-->src/main/AndroidManifest.xml:6:9-34
17        android:theme="@android:style/Theme.Material.Light" >
17-->src/main/AndroidManifest.xml:7:9-60
18        <service
18-->src/main/AndroidManifest.xml:9:9-16:19
19            android:name="com.example.pulsewall.MediaPermissionService"
19-->src/main/AndroidManifest.xml:10:13-51
20            android:exported="true"
20-->src/main/AndroidManifest.xml:12:13-36
21            android:permission="android.permission.BIND_NOTIFICATION_LISTENER_SERVICE" >
21-->src/main/AndroidManifest.xml:11:13-87
22            <intent-filter>
22-->src/main/AndroidManifest.xml:13:13-15:29
23                <action android:name="android.service.notification.NotificationListenerService" />
23-->src/main/AndroidManifest.xml:14:17-99
23-->src/main/AndroidManifest.xml:14:25-96
24            </intent-filter>
25        </service>
26
27        <activity
27-->src/main/AndroidManifest.xml:18:9-25:20
28            android:name="com.example.pulsewall.MainActivity"
28-->src/main/AndroidManifest.xml:19:13-41
29            android:exported="true" >
29-->src/main/AndroidManifest.xml:20:13-36
30            <intent-filter>
30-->src/main/AndroidManifest.xml:21:13-24:29
31                <action android:name="android.intent.action.MAIN" />
31-->src/main/AndroidManifest.xml:22:17-69
31-->src/main/AndroidManifest.xml:22:25-66
32
33                <category android:name="android.intent.category.LAUNCHER" />
33-->src/main/AndroidManifest.xml:23:17-77
33-->src/main/AndroidManifest.xml:23:27-74
34            </intent-filter>
35        </activity>
36    </application>
37
38</manifest>